2020-04-13 17:05:00 Archivo Cuentas: 
Se importaron 882 registro/s!
Archivo Productos: 
Se importaron 51 registro/s!
Archivo Puertos: 
Se importaron 99 registro/s!
Archivo Comprobantes: 
Se importaron 2132 registro/s!
Archivo Descargas: 
Se importaron 3726 registro/s!
Archivo Vencimientos: 
Se importaron 502 registro/s!
Archivo Contratos: 
Se importaron 572 registro/s!
Archivo Analisis: 
Se importaron 364 registro/s!
Archivo CuentasCorrientes: 
Se importaron 6498 registro/s!
2020-04-13 15:42:51 Archivo Cuentas: 
Se importaron 882 registro/s!
Archivo Productos: 
Se importaron 51 registro/s!
Archivo Puertos: 
Se importaron 99 registro/s!
Archivo Comprobantes: 
Se importaron 2296 registro/s!
Archivo Descargas: 
Se importaron 3598 registro/s!
Archivo Vencimientos: 
Se importaron 518 registro/s!
Archivo Contratos: 
Se importaron 620 registro/s!
Archivo Analisis: 
Se importaron 376 registro/s!
Archivo CuentasCorrientes: 
Se importaron 7070 registro/s!
2020-04-13 15:29:40 Archivo Cuentas: 
Se importaron 882 registro/s!
Archivo Productos: 
Se importaron 51 registro/s!
Archivo Puertos: 
Se importaron 99 registro/s!
Archivo Comprobantes: 
Se importaron 2296 registro/s!
Archivo Descargas: 
Se importaron 3598 registro/s!
Archivo Vencimientos: 
Se importaron 518 registro/s!
Archivo Contratos: 
Se importaron 620 registro/s!
Archivo Analisis: 
Se importaron 376 registro/s!
Archivo CuentasCorrientes: 
Se importaron 7070 registro/s!
2020-04-08 13:06:06 Archivo Cuentas: 
Se importaron 882 registro/s!
Archivo Productos: 
Se importaron 51 registro/s!
Archivo Puertos: 
Se importaron 99 registro/s!
Archivo Comprobantes: 
Se importaron 2296 registro/s!
Archivo Descargas: 
Se importaron 3598 registro/s!
Archivo Vencimientos: 
Se importaron 518 registro/s!
Archivo Contratos: 
Se importaron 620 registro/s!
Archivo Analisis: 
Se importaron 376 registro/s!
Archivo CuentasCorrientes: 
Se importaron 7070 registro/s!
2020-04-08 13:00:15 Archivo Cuentas: 
Se importaron 882 registro/s!
Archivo Productos: 
Se importaron 51 registro/s!
Archivo Puertos: 
Se importaron 99 registro/s!
Archivo Comprobantes: 
Se importaron 2296 registro/s!
Archivo Descargas: 
Se importaron 3598 registro/s!
Archivo Vencimientos: 
Se importaron 518 registro/s!
Archivo Contratos: 
Se importaron 620 registro/s!
Archivo Analisis: 
Se importaron 376 registro/s!
Archivo CuentasCorrientes: 
Se importaron 7070 registro/s!
2020-04-08 12:57:54 Archivo Cuentas: 
Se importaron 882 registro/s!
Archivo Productos: 
Se importaron 51 registro/s!
Archivo Puertos: 
Se importaron 99 registro/s!
Archivo Comprobantes: 
Se importaron 2296 registro/s!
Archivo Descargas: 
Se importaron 3598 registro/s!
Archivo Vencimientos: 
Se importaron 518 registro/s!
Archivo Contratos: 
Se importaron 620 registro/s!
Archivo Analisis: 
Se importaron 376 registro/s!
Archivo CuentasCorrientes: 
Se importaron 7070 registro/s!
2020-04-08 12:53:33 Archivo Cuentas: 
Se importaron 882 registro/s!
Archivo Productos: 
Se importaron 51 registro/s!
Archivo Puertos: 
Se importaron 99 registro/s!
Archivo Comprobantes: 
Se importaron 2296 registro/s!
Archivo Descargas: 
Se importaron 3598 registro/s!
Archivo Vencimientos: 
Se importaron 518 registro/s!
Archivo Contratos: 
Se importaron 620 registro/s!
Archivo Analisis: 
Se importaron 376 registro/s!
Archivo CuentasCorrientes: 
Se importaron 7070 registro/s!
2020-04-08 12:01:26 Archivo Cuentas: 
Se importaron 882 registro/s!
Archivo Productos: 
Se importaron 51 registro/s!
Archivo Puertos: 
Se importaron 99 registro/s!
Archivo Comprobantes: 
Se importaron 2296 registro/s!
Archivo Descargas: 
Se importaron 3598 registro/s!
Archivo Vencimientos: 
Se importaron 518 registro/s!
Archivo Contratos: 
Se importaron 620 registro/s!
Archivo Analisis: 
Se importaron 376 registro/s!
Archivo CuentasCorrientes: 
Se importaron 7070 registro/s!
2020-04-07 21:19:56 Archivo Cuentas: 
Se importaron 882 registro/s!
Archivo Productos: 
Se importaron 51 registro/s!
Archivo Puertos: 
Se importaron 99 registro/s!
Archivo Comprobantes: 
Se importaron 2296 registro/s!
Archivo Descargas: 
Se importaron 3598 registro/s!
Archivo Vencimientos: 
Se importaron 518 registro/s!
Archivo Contratos: 
Se importaron 620 registro/s!
Archivo Analisis: 
Se importaron 376 registro/s!
Archivo CuentasCorrientes: 
Se importaron 7070 registro/s!
2020-04-07 13:11:40 Archivo Cuentas: sin errores
Se importaron 882 registro/s!
Archivo Productos: sin errores
Se importaron 51 registro/s!
Archivo Puertos: sin errores
Se importaron 99 registro/s!
Archivo Comprobantes: sin errores
Se importaron 2296 registro/s!
Archivo Descargas: sin errores
Se importaron 3598 registro/s!
Archivo Vencimientos: sin errores
Se importaron 518 registro/s!
Archivo Contratos: sin errores
Se importaron 620 registro/s!
Archivo Analisis: sin errores
Se importaron 376 registro/s!
Archivo CuentasCorrientes: sin errores
Se importaron 7070 registro/s!
2020-04-07 12:52:27 Archivo Cuentas: sin errores
Se importaron 882 registro/s!
Archivo Productos: sin errores
Se importaron 51 registro/s!
Archivo Puertos: sin errores
Se importaron 99 registro/s!
Archivo Comprobantes: sin errores
Se importaron 2296 registro/s!
Archivo Descargas: sin errores
Se importaron 3598 registro/s!
Archivo Vencimientos: sin errores
Se importaron 518 registro/s!
Archivo Contratos: sin errores
Se importaron 620 registro/s!
Archivo Analisis: sin errores
Se importaron 376 registro/s!
Archivo CuentasCorrientes: sin errores
Se importaron 7070 registro/s!
2020-04-07 12:43:45 Archivo Cuentas: sin errores
Se importaron 882 registro/s!
Archivo Productos: sin errores
Se importaron 51 registro/s!
Archivo Puertos: sin errores
Se importaron 99 registro/s!
Archivo Comprobantes: sin errores
Se importaron 2296 registro/s!
Archivo Descargas: sin errores
Se importaron 3598 registro/s!
Archivo Vencimientos: sin errores
Se importaron 518 registro/s!
Archivo Contratos: sin errores
Se importaron 620 registro/s!
Archivo Analisis: sin errores
Se importaron 376 registro/s!
Archivo CuentasCorrientes: sin errores
Se importaron 7070 registro/s!
2020-04-07 12:43:43 Archivo Cuentas: sin errores
Se importaron 882 registro/s!
Archivo Productos: sin errores
Se importaron 51 registro/s!
Archivo Puertos: sin errores
Se importaron 99 registro/s!
Archivo Comprobantes: sin errores
Se importaron 2296 registro/s!
Archivo Descargas: sin errores
Se importaron 3598 registro/s!
Archivo Vencimientos: sin errores
Se importaron 518 registro/s!
Archivo Contratos: sin errores
Se importaron 620 registro/s!
Archivo Analisis: sin errores
Se importaron 376 registro/s!
Archivo CuentasCorrientes: sin errores
Se importaron 7070 registro/s!
2020-04-07 10:52:44 Archivo Cuentas: sin errores
Se importaron 882 registro/s!
Archivo Productos: sin errores
Se importaron 51 registro/s!
Archivo Puertos: sin errores
Se importaron 99 registro/s!
Archivo Comprobantes: sin errores
Se importaron 2296 registro/s!
Archivo Descargas: sin errores
Se importaron 3598 registro/s!
Archivo Vencimientos: sin errores
Se importaron 518 registro/s!
Archivo Contratos: sin errores
Se importaron 620 registro/s!
Archivo Analisis: sin errores
Se importaron 376 registro/s!
Archivo CuentasCorrientes: sin errores
Se importaron 7070 registro/s!
2020-04-01 10:50:06 Archivo Cuentas: sin errores
Se importaron 882 registro/s!
Archivo Productos: sin errores
Se importaron 51 registro/s!
Archivo Puertos: sin errores
Se importaron 99 registro/s!
Archivo Comprobantes: sin errores
Se importaron 2296 registro/s!
Archivo Descargas: sin errores
Se importaron 3598 registro/s!
Archivo Vencimientos: sin errores
Se importaron 518 registro/s!
Archivo Contratos: sin errores
Se importaron 620 registro/s!
Archivo Analisis: sin errores
Se importaron 376 registro/s!
Archivo CuentasCorrientes: sin errores
Se importaron 7070 registro/s!